<?xml version="1.0" encoding="UTF-8"?>
<coverage generated="1640051397179" clover="3.2.0">
  <project timestamp="1640051397179" name="All files">
    <metrics statements="14" coveredstatements="9" conditionals="2" coveredconditionals="2" methods="6" coveredmethods="4" elements="22" coveredelements="15" complexity="0" loc="14" ncloc="14" packages="1" files="1" classes="1"/>
    <file name="stack.js" path="/Users/ana.lastoviria/learning-projects/TS/tony-session-20-dec/tdd-stack-lesson/lib/stack.js">
      <metrics statements="14" coveredstatements="9" conditionals="2" coveredconditionals="2" methods="6" coveredmethods="4"/>
      <line num="3" count="9" type="stmt"/>
      <line num="4" count="9" type="stmt"/>
      <line num="9" count="7" type="stmt"/>
      <line num="10" count="7" type="stmt"/>
      <line num="14" count="3" type="cond" truecount="2" falsecount="0"/>
      <line num="15" count="2" type="stmt"/>
      <line num="16" count="2" type="stmt"/>
      <line num="17" count="2" type="stmt"/>
      <line num="20" count="0" type="stmt"/>
      <line num="25" count="2" type="stmt"/>
      <line num="29" count="0" type="stmt"/>
      <line num="33" count="0" type="stmt"/>
      <line num="34" count="0" type="stmt"/>
      <line num="36" count="0" type="stmt"/>
    </file>
  </project>
</coverage>
