{"/Users/ana.lastoviria/learning-projects/TS/tony-session-20-dec/tdd-stack-lesson/lib/stack.js": {"path":"/Users/ana.lastoviria/learning-projects/TS/tony-session-20-dec/tdd-stack-lesson/lib/stack.js","statementMap":{"0":{"start":{"line":3,"column":6},"end":{"line":3,"column":20}},"1":{"start":{"line":4,"column":6},"end":{"line":4,"column":22}},"2":{"start":{"line":9,"column":6},"end":{"line":9,"column":17}},"3":{"start":{"line":10,"column":6},"end":{"line":10,"column":35}},"4":{"start":{"line":14,"column":6},"end":{"line":14,"column":63}},"5":{"start":{"line":14,"column":27},"end":{"line":14,"column":63}},"6":{"start":{"line":15,"column":6},"end":{"line":15,"column":33}},"7":{"start":{"line":16,"column":6},"end":{"line":16,"column":17}},"8":{"start":{"line":20,"column":6},"end":{"line":20,"column":44}},"9":{"start":{"line":24,"column":6},"end":{"line":24,"column":51}},"10":{"start":{"line":24,"column":27},"end":{"line":24,"column":51}},"11":{"start":{"line":25,"column":6},"end":{"line":25,"column":34}},"12":{"start":{"line":29,"column":6},"end":{"line":31,"column":7}},"13":{"start":{"line":30,"column":8},"end":{"line":30,"column":32}},"14":{"start":{"line":32,"column":6},"end":{"line":32,"column":20}}},"fnMap":{"0":{"name":"(anonymous_0)","decl":{"start":{"line":2,"column":4},"end":{"line":2,"column":5}},"loc":{"start":{"line":2,"column":18},"end":{"line":5,"column":3}},"line":2},"1":{"name":"(anonymous_1)","decl":{"start":{"line":7,"column":4},"end":{"line":7,"column":5}},"loc":{"start":{"line":8,"column":4},"end":{"line":11,"column":5}},"line":8},"2":{"name":"(anonymous_2)","decl":{"start":{"line":13,"column":4},"end":{"line":13,"column":5}},"loc":{"start":{"line":13,"column":10},"end":{"line":17,"column":5}},"line":13},"3":{"name":"(anonymous_3)","decl":{"start":{"line":19,"column":4},"end":{"line":19,"column":5}},"loc":{"start":{"line":19,"column":15},"end":{"line":21,"column":5}},"line":19},"4":{"name":"(anonymous_4)","decl":{"start":{"line":23,"column":4},"end":{"line":23,"column":5}},"loc":{"start":{"line":23,"column":10},"end":{"line":26,"column":5}},"line":23},"5":{"name":"(anonymous_5)","decl":{"start":{"line":28,"column":4},"end":{"line":28,"column":5}},"loc":{"start":{"line":28,"column":11},"end":{"line":33,"column":5}},"line":28}},"branchMap":{"0":{"loc":{"start":{"line":14,"column":6},"end":{"line":14,"column":63}},"type":"if","locations":[{"start":{"line":14,"column":6},"end":{"line":14,"column":63}},{"start":{},"end":{}}],"line":14},"1":{"loc":{"start":{"line":24,"column":6},"end":{"line":24,"column":51}},"type":"if","locations":[{"start":{"line":24,"column":6},"end":{"line":24,"column":51}},{"start":{},"end":{}}],"line":24}},"s":{"0":12,"1":12,"2":12,"3":12,"4":3,"5":1,"6":2,"7":2,"8":2,"9":2,"10":1,"11":1,"12":1,"13":2,"14":1},"f":{"0":12,"1":12,"2":3,"3":2,"4":2,"5":1},"b":{"0":[1,2],"1":[1,1]},"_coverageSchema":"1a1c01bbd47fc00a2c39e90264f33305004495a9","hash":"117e78817ea91d384f225931ea0297aacde51327"}
}
