{"/Users/ana.lastoviria/learning-projects/TS/tony-session-20-dec/tdd-stack-lesson/lib/stack.js": {"path":"/Users/ana.lastoviria/learning-projects/TS/tony-session-20-dec/tdd-stack-lesson/lib/stack.js","statementMap":{"0":{"start":{"line":3,"column":6},"end":{"line":3,"column":20}},"1":{"start":{"line":4,"column":6},"end":{"line":4,"column":22}},"2":{"start":{"line":9,"column":6},"end":{"line":9,"column":17}},"3":{"start":{"line":10,"column":6},"end":{"line":10,"column":35}},"4":{"start":{"line":14,"column":6},"end":{"line":14,"column":63}},"5":{"start":{"line":14,"column":27},"end":{"line":14,"column":63}},"6":{"start":{"line":15,"column":6},"end":{"line":21,"column":7}},"7":{"start":{"line":16,"column":8},"end":{"line":16,"column":35}},"8":{"start":{"line":17,"column":8},"end":{"line":17,"column":19}},"9":{"start":{"line":20,"column":8},"end":{"line":20,"column":27}},"10":{"start":{"line":25,"column":6},"end":{"line":25,"column":44}},"11":{"start":{"line":29,"column":6},"end":{"line":29,"column":34}},"12":{"start":{"line":33,"column":6},"end":{"line":35,"column":7}},"13":{"start":{"line":34,"column":8},"end":{"line":34,"column":32}},"14":{"start":{"line":36,"column":6},"end":{"line":36,"column":20}}},"fnMap":{"0":{"name":"(anonymous_0)","decl":{"start":{"line":2,"column":4},"end":{"line":2,"column":5}},"loc":{"start":{"line":2,"column":18},"end":{"line":5,"column":3}},"line":2},"1":{"name":"(anonymous_1)","decl":{"start":{"line":7,"column":4},"end":{"line":7,"column":5}},"loc":{"start":{"line":8,"column":4},"end":{"line":11,"column":5}},"line":8},"2":{"name":"(anonymous_2)","decl":{"start":{"line":13,"column":4},"end":{"line":13,"column":5}},"loc":{"start":{"line":13,"column":10},"end":{"line":22,"column":5}},"line":13},"3":{"name":"(anonymous_3)","decl":{"start":{"line":24,"column":4},"end":{"line":24,"column":5}},"loc":{"start":{"line":24,"column":15},"end":{"line":26,"column":5}},"line":24},"4":{"name":"(anonymous_4)","decl":{"start":{"line":28,"column":4},"end":{"line":28,"column":5}},"loc":{"start":{"line":28,"column":10},"end":{"line":30,"column":5}},"line":28},"5":{"name":"(anonymous_5)","decl":{"start":{"line":32,"column":4},"end":{"line":32,"column":5}},"loc":{"start":{"line":32,"column":11},"end":{"line":37,"column":5}},"line":32}},"branchMap":{"0":{"loc":{"start":{"line":14,"column":6},"end":{"line":14,"column":63}},"type":"if","locations":[{"start":{"line":14,"column":6},"end":{"line":14,"column":63}},{"start":{},"end":{}}],"line":14}},"s":{"0":9,"1":9,"2":7,"3":7,"4":3,"5":1,"6":2,"7":2,"8":2,"9":0,"10":2,"11":0,"12":0,"13":0,"14":0},"f":{"0":9,"1":7,"2":3,"3":2,"4":0,"5":0},"b":{"0":[1,2]},"_coverageSchema":"1a1c01bbd47fc00a2c39e90264f33305004495a9","hash":"5e3a0f126735712f3ed4269247a4f5e8f9e45fb9"}
}
